<?xml version="1.0" encoding="UTF-8"?>
<!-- Generated by org.testng.reporters.JUnitXMLReporter -->
<testsuite hostname="YUSLIN-YJPLW" name="Default test" tests="4" failures="0" timestamp="8 Mar 2018 22:16:13 GMT" time="69.823" errors="0">
  <testcase name="test1" time="0.364" classname="AppiumTest.NewTest"/>
  <testcase name="test2" time="2.304" classname="AppiumTest.NewTest"/>
  <testcase name="test3" time="2.26" classname="AppiumTest.NewTest"/>
  <testcase name="test4" time="25.024" classname="AppiumTest.NewTest"/>
</testsuite> <!-- Default test -->
